
POST / 24-06-2024_11:45:29
POST /register 24-06-2024_11:45:43
POST /register 24-06-2024_11:46:37
POST /register 24-06-2024_11:47:46
POST /users/register 24-06-2024_11:48:10
POST /api/users/register 24-06-2024_11:48:23
GET /api/users/login 24-06-2024_11:49:11
POST /api/users/register 24-06-2024_11:49:53
POST /api/user/register 24-06-2024_11:50:18
POST /api/user/register 24-06-2024_11:50:44
POST /api/user/register 24-06-2024_11:51:22
GET /api/user/login 24-06-2024_11:51:26
GET /api/user/login 24-06-2024_11:52:13
GET /api/user/login 24-06-2024_11:52:37
POST /api/user/login 24-06-2024_11:52:44
POST /api/user/login 24-06-2024_11:53:32
POST /api/user/login 24-06-2024_11:55:24
POST /api/user/login 24-06-2024_11:55:30
POST /api/user/login 24-06-2024_11:57:42
POST /api/user/login 24-06-2024_11:57:58
POST /api/user/register 24-06-2024_11:58:34
POST /api/user/register 24-06-2024_11:59:11
POST /api/user/register 24-06-2024_12:01:09
POST /api/user/login 24-06-2024_12:01:12
POST /api/user/login 24-06-2024_12:01:25
GET /api/user/user-info 24-06-2024_12:03:19
GET /api/user/user-info 24-06-2024_12:03:52
POST /api/user/login 24-06-2024_12:04:26
POST /api/user/register 24-06-2024_12:09:23
POST /api/user/login 24-06-2024_12:09:28
GET /api/user/user-info 24-06-2024_12:09:39
GET /api/user/logout 24-06-2024_12:10:10
GET /api/user/logout 24-06-2024_12:10:43
GET /api/user/logout 24-06-2024_12:11:49
POST /api/user/logout 24-06-2024_12:12:13
POST /api/user/login 24-06-2024_01:47:11
POST /api/user/register 24-06-2024_01:48:45
POST /api/user/register 24-06-2024_01:48:53
POST /api/user/login 24-06-2024_01:49:04
GET /api/user/user-info 24-06-2024_01:49:35
POST /api/user/logout 24-06-2024_01:50:06
POST /api/user/logout 24-06-2024_01:50:18
POST /api/user/login 24-06-2024_03:47:41
GET /api/user/user-info 24-06-2024_03:47:57
GET /api/orders 24-06-2024_03:48:45
GET /api/orders 24-06-2024_03:48:54
GET /api/orders 24-06-2024_03:49:40
GET /api/orders?name=Cancelled 24-06-2024_03:50:44
GET /api/orders 24-06-2024_03:50:54
GET /api/orders?name=Lina%20Kostenko 24-06-2024_03:51:09
GET /api/orders 24-06-2024_03:53:36
GET /api/orders?products=14 24-06-2024_03:53:47
GET /api/orders?name=Vasyl%20Symonenko 24-06-2024_03:54:01